     Creating library C:\Users\macie\Desktop\Studia\Rok 2\Sem 3\Inżynieria Oprogramowania\Academic Graduation Hustle\x64\Debug\UnitTests.lib and object C:\Users\macie\Desktop\Studia\Rok 2\Sem 3\Inżynieria Oprogramowania\Academic Graduation Hustle\x64\Debug\UnitTests.exp
UnitTests.obj : error LNK2019: unresolved external symbol "public: virtual __cdecl Task::~Task(void)" (??1Task@@UEAA@XZ) referenced in function "public: virtual __cdecl `public: void __cdecl Game_Tests::TaskLogic_Tests::TaskSystem(void)'::`2'::PassTest::~PassTest(void)" (??1PassTest@?1??TaskSystem@TaskLogic_Tests@Game_Tests@@QEAAXXZ@UEAA@XZ)
UnitTests.obj : error LNK2019: unresolved external symbol "public: virtual __cdecl TaskInvoker::~TaskInvoker(void)" (??1TaskInvoker@@UEAA@XZ) referenced in function "public: virtual __cdecl `public: void __cdecl Game_Tests::TaskLogic_Tests::TaskSystem(void)'::`2'::Invoker::~Invoker(void)" (??1Invoker@?1??TaskSystem@TaskLogic_Tests@Game_Tests@@QEAAXXZ@UEAA@XZ)
UnitTests.obj : error LNK2019: unresolved external symbol "public: void __cdecl TaskInvoker::AssignTask(class Task *)" (?AssignTask@TaskInvoker@@QEAAXPEAVTask@@@Z) referenced in function "public: void __cdecl Game_Tests::TaskLogic_Tests::TaskSystem(void)" (?TaskSystem@TaskLogic_Tests@Game_Tests@@QEAAXXZ)
UnitTests.obj : error LNK2019: unresolved external symbol "public: void __cdecl TaskInvoker::InvokeTask(void)" (?InvokeTask@TaskInvoker@@QEAAXXZ) referenced in function "public: void __cdecl Game_Tests::TaskLogic_Tests::TaskSystem(void)" (?TaskSystem@TaskLogic_Tests@Game_Tests@@QEAAXXZ)
UnitTests.obj : error LNK2019: unresolved external symbol "public: virtual __cdecl TaskReciever::~TaskReciever(void)" (??1TaskReciever@@UEAA@XZ) referenced in function "public: virtual __cdecl `public: void __cdecl Game_Tests::TaskLogic_Tests::TaskSystem(void)'::`2'::TestSubject::~TestSubject(void)" (??1TestSubject@?1??TaskSystem@TaskLogic_Tests@Game_Tests@@QEAAXXZ@UEAA@XZ)
C:\Users\macie\Desktop\Studia\Rok 2\Sem 3\Inżynieria Oprogramowania\Academic Graduation Hustle\x64\Debug\UnitTests.dll : fatal error LNK1120: 5 unresolved externals
